[04:47:18] [ServerMain/INFO]: Environment: authHost='https://authserver.mojang.com', accountsHost='https://api.mojang.com', sessionHost='https://sessionserver.mojang.com', servicesHost='https://api.minecraftservices.com', name='PROD'
[04:47:18] [ServerMain/WARN]: Couldn't get pack info for: afc: 'pack.mcmeta' in ResourcePack './world/datapacks/fnaf_datapack.zip'
[04:47:20] [ServerMain/WARN]: Ambiguity between arguments [teleport, location] and [teleport, destination] with inputs: [0.1 -0.5 .9, 0 0 0]
[04:47:20] [ServerMain/WARN]: Ambiguity between arguments [teleport, location] and [teleport, targets] with inputs: [0.1 -0.5 .9, 0 0 0]
[04:47:20] [ServerMain/WARN]: Ambiguity between arguments [teleport, destination] and [teleport, targets] with inputs: [Player, 0123, @e, dd12be42-52a9-4a91-a8a1-11c01849e498]
[04:47:20] [ServerMain/WARN]: Ambiguity between arguments [teleport, targets] and [teleport, destination] with inputs: [Player, 0123, dd12be42-52a9-4a91-a8a1-11c01849e498]
[04:47:20] [ServerMain/WARN]: Ambiguity between arguments [teleport, targets, location] and [teleport, targets, destination] with inputs: [0.1 -0.5 .9, 0 0 0]
[04:47:23] [Worker-Main-4/INFO]: Loaded 7 recipes
[04:47:23] [Worker-Main-4/INFO]: Loaded 1144 advancements
[04:47:25] [Server thread/INFO]: Starting minecraft server version 1.18.2
[04:47:25] [Server thread/INFO]: Loading properties
[04:47:25] [Server thread/INFO]: Default game type: SURVIVAL
[04:47:25] [Server thread/INFO]: Generating keypair
[04:47:25] [Server thread/INFO]: Starting Minecraft server on *:25565
[04:47:26] [Server thread/INFO]: Using epoll channel type
[04:47:26] [Server thread/WARN]: **** SERVER IS RUNNING IN OFFLINE/INSECURE MODE!
[04:47:26] [Server thread/WARN]: The server will make no attempt to authenticate usernames. Beware.
[04:47:26] [Server thread/WARN]: While this makes the game possible to play without internet access, it also opens up the ability for hackers to connect with any username they choose.
[04:47:26] [Server thread/WARN]: To change this, set "online-mode" to "true" in the server.properties file.
[04:47:26] [Server thread/INFO]: Preparing level "world"
[04:47:26] [Server thread/INFO]: Preparing start region for dimension minecraft:overworld
[04:47:28] [Worker-Main-6/INFO]: Preparing spawn area: 0%
[04:47:28] [Worker-Main-4/INFO]: Preparing spawn area: 0%
[04:47:28] [Worker-Main-4/INFO]: Preparing spawn area: 0%
[04:47:28] [Worker-Main-4/INFO]: Preparing spawn area: 0%
[04:47:28] [Worker-Main-5/INFO]: Preparing spawn area: 0%
[04:47:28] [Worker-Main-6/INFO]: Preparing spawn area: 0%
[04:47:29] [Worker-Main-5/INFO]: Preparing spawn area: 0%
[04:47:29] [Worker-Main-5/INFO]: Preparing spawn area: 0%
[04:47:30] [Worker-Main-6/INFO]: Preparing spawn area: 4%
[04:47:30] [Worker-Main-6/INFO]: Preparing spawn area: 4%
[04:47:31] [Worker-Main-5/INFO]: Preparing spawn area: 5%
[04:47:31] [Worker-Main-6/INFO]: Preparing spawn area: 9%
[04:47:32] [Worker-Main-4/INFO]: Preparing spawn area: 10%
[04:47:32] [Worker-Main-4/INFO]: Preparing spawn area: 10%
[04:47:33] [Worker-Main-6/INFO]: Preparing spawn area: 11%
[04:47:33] [Worker-Main-6/INFO]: Preparing spawn area: 35%
[04:47:34] [Worker-Main-5/INFO]: Preparing spawn area: 39%
[04:47:34] [Worker-Main-6/INFO]: Preparing spawn area: 58%
[04:47:35] [Server thread/INFO]: Time elapsed: 9510 ms
[04:47:35] [Server thread/INFO]: Done (9.710s)! For help, type "help"
[04:48:16] [Server thread/INFO]: Bryan_GR[/[0:0:0:0:0:0:0:1%0]:56204] logged in with entity id 392 at (144.5, 42.0, 192.5)
[04:48:16] [Server thread/INFO]: Bryan_GR joined the game
[04:48:42] [Server thread/INFO]: Made Bryan_GR a server operator
[04:48:46] [Server thread/INFO]: [Bryan_GR: Set own game mode to Spectator Mode]
[04:48:58] [Server thread/INFO]: [Bryan_GR: Set own game mode to Survival Mode]
[04:49:23] [Server thread/INFO]: [Bryan_GR: Set spawn point to 70, 43, 166 [0.0] in minecraft:overworld for Bryan_GR]
[04:49:56] [Server thread/INFO]: [Bryan_GR: Set own game mode to Spectator Mode]
[04:50:00] [Server thread/INFO]: [Bryan_GR: Set own game mode to Creative Mode]
[04:50:08] [Server thread/INFO]: [Bryan_GR: Summoned new Axolotl]
[04:50:41] [Server thread/INFO]: [Bryan_GR: Set own game mode to Creative Mode]
[04:50:49] [Server thread/INFO]: [Bryan_GR: Set own game mode to Spectator Mode]
[04:50:56] [Server thread/INFO]: [Bryan_GR: Set own game mode to Survival Mode]
[04:51:12] [Server thread/INFO]: Stopping the server
[04:51:12] [Server thread/INFO]: Stopping server
[04:51:12] [Server thread/INFO]: Saving players
[04:51:12] [Server thread/INFO]: Bryan_GR lost connection: Server closed
[04:51:12] [Server thread/INFO]: Bryan_GR left the game
[04:51:12] [Server thread/INFO]: Saving worlds
[04:51:13] [Server thread/INFO]: Saving chunks for level 'ServerLevel[Five Nights at Freddy's]'/minecraft:overworld
[04:51:13] [Server thread/INFO]: Saving chunks for level 'ServerLevel[Five Nights at Freddy's]'/minecraft:the_end
[04:51:13] [Server thread/INFO]: Saving chunks for level 'ServerLevel[Five Nights at Freddy's]'/minecraft:the_nether
[04:51:13] [Server thread/INFO]: ThreadedAnvilChunkStorage (world): All chunks are saved
[04:51:13] [Server thread/INFO]: ThreadedAnvilChunkStorage (DIM1): All chunks are saved
[04:51:13] [Server thread/INFO]: ThreadedAnvilChunkStorage (DIM-1): All chunks are saved
[04:51:13] [Server thread/INFO]: ThreadedAnvilChunkStorage: All dimensions are saved
